#
# There is insufficient memory for the Java Runtime Environment to continue.
# Native memory allocation (malloc) failed to allocate 1290448 bytes for Chunk::new
# Possible reasons:
#   The system is out of physical RAM or swap space
#   The process is running with CompressedOops enabled, and the Java Heap may be blocking the growth of the native heap
# Possible solutions:
#   Reduce memory load on the system
#   Increase physical memory or swap space
#   Check if swap backing store is full
#   Decrease Java heap size (-Xmx/-Xms)
#   Decrease number of Java threads
#   Decrease Java thread stack sizes (-Xss)
#   Set larger code cache with -XX:ReservedCodeCacheSize=
#   JVM is running with Unscaled Compressed Oops mode in which the Java heap is
#     placed in the first 4GB address space. The Java Heap base address is the
#     maximum limit for the native heap growth. Please use -XX:HeapBaseMinAddress
#     to set the Java Heap base and to place the Java Heap above 4GB virtual address.
# This output file may be truncated or incomplete.
#
#  Out of Memory Error (arena.cpp:168), pid=20372, tid=6028
#
# JRE version: Java(TM) SE Runtime Environment (21.0.6+8) (build 21.0.6+8-LTS-188)
# Java VM: Java HotSpot(TM) 64-Bit Server VM (21.0.6+8-LTS-188, mixed mode, sharing, tiered, compressed oops, compressed class ptrs, g1 gc, windows-amd64)
# No core dump will be written. Minidumps are not enabled by default on client versions of Windows
#

---------------  S U M M A R Y ------------

Command Line: C:\Users\Haritha Reddy\AppData\Local\Temp\surefire11447140644667180618\surefirebooter-20251010015845845_3.jar C:\Users\Haritha Reddy\AppData\Local\Temp\surefire11447140644667180618 2025-10-10T01-58-45_481-jvmRun1 surefire-20251010015845845_1tmp surefire_0-20251010015845845_2tmp

Host: Intel(R) Core(TM) i3-1005G1 CPU @ 1.20GHz, 4 cores, 3G,  Windows 11 , 64 bit Build 26100 (10.0.26100.6725)
Time: Fri Oct 10 01:59:02 2025 India Standard Time elapsed time: 16.445023 seconds (0d 0h 0m 16s)

---------------  T H R E A D  ---------------

Current thread (0x000002b9f84f92e0):  JavaThread "C2 CompilerThread0" daemon [_thread_in_native, id=6028, stack(0x000000c3df700000,0x000000c3df800000) (1024K)]


Current CompileTask:
C2:  16445 4657       4       org.springframework.core.annotation.AnnotationsScanner::scan (21 bytes)

Stack: [0x000000c3df700000,0x000000c3df800000]
Native frames: (J=compiled Java code, j=interpreted, Vv=VM code, C=native code)
V  [jvm.dll+0x6ca6d9]
V  [jvm.dll+0x854f51]
V  [jvm.dll+0x85747e]
V  [jvm.dll+0x857b53]
V  [jvm.dll+0x27dcc6]
V  [jvm.dll+0xc4c2d]
V  [jvm.dll+0xc5163]
V  [jvm.dll+0x3b515c]
V  [jvm.dll+0x381855]
V  [jvm.dll+0x380cca]
V  [jvm.dll+0x246920]
V  [jvm.dll+0x245eff]
V  [jvm.dll+0x1c6d2e]
V  [jvm.dll+0x2554f9]
V  [jvm.dll+0x253a8a]
V  [jvm.dll+0x3ee576]
V  [jvm.dll+0x7ff2fb]
V  [jvm.dll+0x6c8dbd]
C  [ucrtbase.dll+0x37b0]
C  [KERNEL32.DLL+0x2e8d7]
C  [ntdll.dll+0x8c53c]


---------------  P R O C E S S  ---------------

Threads class SMR info:
_java_thread_list=0x000002b9ff008f80, length=15, elements={
0x000002b9ec8ff690, 0x000002b9f84e3400, 0x000002b9f84e6ad0, 0x000002b9f84eb590,
0x000002b9f84ec690, 0x000002b9f84ee4e0, 0x000002b9f84efcc0, 0x000002b9f84f92e0,
0x000002b9f84fd190, 0x000002b9f87531e0, 0x000002b9f8758e40, 0x000002b9fd0bc470,
0x000002b9f8abdf10, 0x000002b9fe4306e0, 0x000002b9d06f8dc0
}

Java Threads: ( => current thread )
  0x000002b9ec8ff690 JavaThread "main"                              [_thread_in_native, id=23964, stack(0x000000c3de900000,0x000000c3dea00000) (1024K)]
  0x000002b9f84e3400 JavaThread "Reference Handler"          daemon [_thread_blocked, id=10264, stack(0x000000c3df100000,0x000000c3df200000) (1024K)]
  0x000002b9f84e6ad0 JavaThread "Finalizer"                  daemon [_thread_blocked, id=22764, stack(0x000000c3df200000,0x000000c3df300000) (1024K)]
  0x000002b9f84eb590 JavaThread "Signal Dispatcher"          daemon [_thread_blocked, id=10432, stack(0x000000c3df300000,0x000000c3df400000) (1024K)]
  0x000002b9f84ec690 JavaThread "Attach Listener"            daemon [_thread_blocked, id=22828, stack(0x000000c3df400000,0x000000c3df500000) (1024K)]
  0x000002b9f84ee4e0 JavaThread "Service Thread"             daemon [_thread_blocked, id=15252, stack(0x000000c3df500000,0x000000c3df600000) (1024K)]
  0x000002b9f84efcc0 JavaThread "Monitor Deflation Thread"   daemon [_thread_blocked, id=11748, stack(0x000000c3df600000,0x000000c3df700000) (1024K)]
=>0x000002b9f84f92e0 JavaThread "C2 CompilerThread0"         daemon [_thread_in_native, id=6028, stack(0x000000c3df700000,0x000000c3df800000) (1024K)]
  0x000002b9f84fd190 JavaThread "C1 CompilerThread0"         daemon [_thread_blocked, id=22852, stack(0x000000c3df800000,0x000000c3df900000) (1024K)]
  0x000002b9f87531e0 JavaThread "Notification Thread"        daemon [_thread_blocked, id=24300, stack(0x000000c3df900000,0x000000c3dfa00000) (1024K)]
  0x000002b9f8758e40 JavaThread "Common-Cleaner"             daemon [_thread_blocked, id=18896, stack(0x000000c3dfa00000,0x000000c3dfb00000) (1024K)]
  0x000002b9fd0bc470 JavaThread "surefire-forkedjvm-stream-flusher" daemon [_thread_blocked, id=22864, stack(0x000000c3dfb00000,0x000000c3dfc00000) (1024K)]
  0x000002b9f8abdf10 JavaThread "surefire-forkedjvm-command-thread" daemon [_thread_in_native, id=13456, stack(0x000000c3dfc00000,0x000000c3dfd00000) (1024K)]
  0x000002b9fe4306e0 JavaThread "HikariPool-1:housekeeper"   daemon [_thread_blocked, id=20424, stack(0x000000c3e0000000,0x000000c3e0100000) (1024K)]
  0x000002b9d06f8dc0 JavaThread "HikariPool-1:connection-adder" daemon [_thread_blocked, id=16252, stack(0x000000c3e0100000,0x000000c3e0200000) (1024K)]
Total: 15

Other Threads:
  0x000002b9ec9b7a60 VMThread "VM Thread"                           [id=17152, stack(0x000000c3df000000,0x000000c3df100000) (1024K)]
  0x000002b9f84cd230 WatcherThread "VM Periodic Task Thread"        [id=21824, stack(0x000000c3def00000,0x000000c3df000000) (1024K)]
  0x000002b9ec92bfa0 WorkerThread "GC Thread#0"                     [id=9184, stack(0x000000c3dea00000,0x000000c3deb00000) (1024K)]
  0x000002b9ec9b6100 WorkerThread "GC Thread#1"                     [id=19088, stack(0x000000c3dfd00000,0x000000c3dfe00000) (1024K)]
  0x000002b9ec9b76c0 WorkerThread "GC Thread#2"                     [id=22648, stack(0x000000c3dfe00000,0x000000c3dff00000) (1024K)]
  0x000002b9ec9b64a0 WorkerThread "GC Thread#3"                     [id=16156, stack(0x000000c3dff00000,0x000000c3e0000000) (1024K)]
  0x000002b9ec935050 ConcurrentGCThread "G1 Main Marker"            [id=10640, stack(0x000000c3deb00000,0x000000c3dec00000) (1024K)]
  0x000002b9ec937850 WorkerThread "G1 Conc#0"                       [id=19948, stack(0x000000c3dec00000,0x000000c3ded00000) (1024K)]
  0x000002b9ec995570 ConcurrentGCThread "G1 Refine#0"               [id=2888, stack(0x000000c3ded00000,0x000000c3dee00000) (1024K)]
  0x000002b9ec996f90 ConcurrentGCThread "G1 Service"                [id=17564, stack(0x000000c3dee00000,0x000000c3def00000) (1024K)]
Total: 10

Threads with active compile tasks:
C2 CompilerThread0    16484 4657       4       org.springframework.core.annotation.AnnotationsScanner::scan (21 bytes)
Total: 1

VM state: not at safepoint (normal execution)

VM Mutex/Monitor currently owned by a thread: None

Heap address: 0x00000000c3a00000, size: 966 MB, Compressed Oops mode: 32-bit

CDS archive(s) mapped at: [0x000002b98f000000-0x000002b98fc90000-0x000002b98fc90000), size 13172736, SharedBaseAddress: 0x000002b98f000000, ArchiveRelocationMode: 1.
Compressed class space mapped at: 0x000002b990000000-0x000002b9d0000000, reserved size: 1073741824
Narrow klass base: 0x000002b98f000000, Narrow klass shift: 0, Narrow klass range: 0x100000000

GC Precious Log:
 CardTable entry size: 512
 Card Set container configuration: InlinePtr #cards 5 size 8 Array Of Cards #cards 12 size 40 Howl #buckets 4 coarsen threshold 1843 Howl Bitmap #cards 512 size 80 coarsen threshold 460 Card regions per heap region 1 cards per card region 2048
 CPUs: 4 total, 4 available
 Memory: 3863M
 Large Page Support: Disabled
 NUMA Support: Disabled
 Compressed Oops: Enabled (32-bit)
 Heap Region Size: 1M
 Heap Min Capacity: 8M
 Heap Initial Capacity: 62M
 Heap Max Capacity: 966M
 Pre-touch: Disabled
 Parallel Workers: 4
 Concurrent Workers: 1
 Concurrent Refinement Workers: 4
 Periodic GC: Disabled

Heap:
 garbage-first heap   total 51200K, used 33957K [0x00000000c3a00000, 0x0000000100000000)
  region size 1024K, 12 young (12288K), 3 survivors (3072K)
 Metaspace       used 53037K, committed 53632K, reserved 1114112K
  class space    used 7089K, committed 7360K, reserved 1048576K

Heap Regions: E=young(eden), S=young(survivor), O=old, HS=humongous(starts), HC=humongous(continues), CS=collection set, F=free, TAMS=top-at-mark-start, PB=parsable bottom
|   0|0x00000000c3a00000, 0x00000000c3b00000, 0x00000000c3b00000|100%|HS|  |TAMS 0x00000000c3a00000| PB 0x00000000c3a00000| Complete 
|   1|0x00000000c3b00000, 0x00000000c3c00000, 0x00000000c3c00000|100%|HS|  |TAMS 0x00000000c3b00000| PB 0x00000000c3b00000| Complete 
|   2|0x00000000c3c00000, 0x00000000c3d00000, 0x00000000c3d00000|100%| O|  |TAMS 0x00000000c3c00000| PB 0x00000000c3c00000| Untracked 
|   3|0x00000000c3d00000, 0x00000000c3e00000, 0x00000000c3e00000|100%| O|  |TAMS 0x00000000c3d00000| PB 0x00000000c3d00000| Untracked 
|   4|0x00000000c3e00000, 0x00000000c3f00000, 0x00000000c3f00000|100%| O|  |TAMS 0x00000000c3e00000| PB 0x00000000c3e00000| Untracked 
|   5|0x00000000c3f00000, 0x00000000c4000000, 0x00000000c4000000|100%| O|  |TAMS 0x00000000c3f00000| PB 0x00000000c3f00000| Untracked 
|   6|0x00000000c4000000, 0x00000000c4100000, 0x00000000c4100000|100%| O|  |TAMS 0x00000000c4000000| PB 0x00000000c4000000| Untracked 
|   7|0x00000000c4100000, 0x00000000c4200000, 0x00000000c4200000|100%| O|  |TAMS 0x00000000c4100000| PB 0x00000000c4100000| Untracked 
|   8|0x00000000c4200000, 0x00000000c4300000, 0x00000000c4300000|100%| O|  |TAMS 0x00000000c4200000| PB 0x00000000c4200000| Untracked 
|   9|0x00000000c4300000, 0x00000000c4400000, 0x00000000c4400000|100%| O|  |TAMS 0x00000000c4300000| PB 0x00000000c4300000| Untracked 
|  10|0x00000000c4400000, 0x00000000c44e4638, 0x00000000c4500000| 89%| O|  |TAMS 0x00000000c4400000| PB 0x00000000c4400000| Untracked 
|  11|0x00000000c4500000, 0x00000000c4600000, 0x00000000c4600000|100%| O|  |TAMS 0x00000000c4500000| PB 0x00000000c4500000| Untracked 
|  12|0x00000000c4600000, 0x00000000c4700000, 0x00000000c4700000|100%| O|  |TAMS 0x00000000c4600000| PB 0x00000000c4600000| Untracked 
|  13|0x00000000c4700000, 0x00000000c4800000, 0x00000000c4800000|100%| O|  |TAMS 0x00000000c4700000| PB 0x00000000c4700000| Untracked 
|  14|0x00000000c4800000, 0x00000000c4900000, 0x00000000c4900000|100%| O|  |TAMS 0x00000000c4800000| PB 0x00000000c4800000| Untracked 
|  15|0x00000000c4900000, 0x00000000c4a00000, 0x00000000c4a00000|100%| O|  |TAMS 0x00000000c4900000| PB 0x00000000c4900000| Untracked 
|  16|0x00000000c4a00000, 0x00000000c4b00000, 0x00000000c4b00000|100%| O|  |TAMS 0x00000000c4a00000| PB 0x00000000c4a00000| Untracked 
|  17|0x00000000c4b00000, 0x00000000c4c00000, 0x00000000c4c00000|100%| O|  |TAMS 0x00000000c4b00000| PB 0x00000000c4b00000| Untracked 
|  18|0x00000000c4c00000, 0x00000000c4d00000, 0x00000000c4d00000|100%| O|  |TAMS 0x00000000c4c00000| PB 0x00000000c4c00000| Untracked 
|  19|0x00000000c4d00000, 0x00000000c4e00000, 0x00000000c4e00000|100%| O|  |TAMS 0x00000000c4d00000| PB 0x00000000c4d00000| Untracked 
|  20|0x00000000c4e00000, 0x00000000c4f00000, 0x00000000c4f00000|100%| O|  |TAMS 0x00000000c4e00000| PB 0x00000000c4e00000| Untracked 
|  21|0x00000000c4f00000, 0x00000000c4f00000, 0x00000000c5000000|  0%| F|  |TAMS 0x00000000c4f00000| PB 0x00000000c4f00000| Untracked 
|  22|0x00000000c5000000, 0x00000000c5000000, 0x00000000c5100000|  0%| F|  |TAMS 0x00000000c5000000| PB 0x00000000c5000000| Untracked 
|  23|0x00000000c5100000, 0x00000000c5200000, 0x00000000c5200000|100%| O|  |TAMS 0x00000000c5100000| PB 0x00000000c5100000| Untracked 
|  24|0x00000000c5200000, 0x00000000c52c8700, 0x00000000c5300000| 78%| O|  |TAMS 0x00000000c5200000| PB 0x00000000c5200000| Untracked 
|  25|0x00000000c5300000, 0x00000000c5300000, 0x00000000c5400000|  0%| F|  |TAMS 0x00000000c5300000| PB 0x00000000c5300000| Untracked 
|  26|0x00000000c5400000, 0x00000000c5400000, 0x00000000c5500000|  0%| F|  |TAMS 0x00000000c5400000| PB 0x00000000c5400000| Untracked 
|  27|0x00000000c5500000, 0x00000000c5500000, 0x00000000c5600000|  0%| F|  |TAMS 0x00000000c5500000| PB 0x00000000c5500000| Untracked 
|  28|0x00000000c5600000, 0x00000000c567c8d0, 0x00000000c5700000| 48%| S|CS|TAMS 0x00000000c5600000| PB 0x00000000c5600000| Complete 
|  29|0x00000000c5700000, 0x00000000c5800000, 0x00000000c5800000|100%| S|CS|TAMS 0x00000000c5700000| PB 0x00000000c5700000| Complete 
|  30|0x00000000c5800000, 0x00000000c5900000, 0x00000000c5900000|100%| S|CS|TAMS 0x00000000c5800000| PB 0x00000000c5800000| Complete 
|  31|0x00000000c5900000, 0x00000000c5900000, 0x00000000c5a00000|  0%| F|  |TAMS 0x00000000c5900000| PB 0x00000000c5900000| Untracked 
|  32|0x00000000c5a00000, 0x00000000c5a00000, 0x00000000c5b00000|  0%| F|  |TAMS 0x00000000c5a00000| PB 0x00000000c5a00000| Untracked 
|  33|0x00000000c5b00000, 0x00000000c5b00000, 0x00000000c5c00000|  0%| F|  |TAMS 0x00000000c5b00000| PB 0x00000000c5b00000| Untracked 
|  34|0x00000000c5c00000, 0x00000000c5c00000, 0x00000000c5d00000|  0%| F|  |TAMS 0x00000000c5c00000| PB 0x00000000c5c00000| Untracked 
|  35|0x00000000c5d00000, 0x00000000c5d00000, 0x00000000c5e00000|  0%| F|  |TAMS 0x00000000c5d00000| PB 0x00000000c5d00000| Untracked 
|  36|0x00000000c5e00000, 0x00000000c5e00000, 0x00000000c5f00000|  0%| F|  |TAMS 0x00000000c5e00000| PB 0x00000000c5e00000| Untracked 
|  37|0x00000000c5f00000, 0x00000000c5f00000, 0x00000000c6000000|  0%| F|  |TAMS 0x00000000c5f00000| PB 0x00000000c5f00000| Untracked 
|  38|0x00000000c6000000, 0x00000000c6000000, 0x00000000c6100000|  0%| F|  |TAMS 0x00000000c6000000| PB 0x00000000c6000000| Untracked 
|  39|0x00000000c6100000, 0x00000000c6100000, 0x00000000c6200000|  0%| F|  |TAMS 0x00000000c6100000| PB 0x00000000c6100000| Untracked 
|  40|0x00000000c6200000, 0x00000000c6200000, 0x00000000c6300000|  0%| F|  |TAMS 0x00000000c6200000| PB 0x00000000c6200000| Untracked 
|  41|0x00000000c6300000, 0x00000000c6364218, 0x00000000c6400000| 39%| E|  |TAMS 0x00000000c6300000| PB 0x00000000c6300000| Complete 
|  42|0x00000000c6400000, 0x00000000c6500000, 0x00000000c6500000|100%| E|CS|TAMS 0x00000000c6400000| PB 0x00000000c6400000| Complete 
|  43|0x00000000c6500000, 0x00000000c6600000, 0x00000000c6600000|100%| E|CS|TAMS 0x00000000c6500000| PB 0x00000000c6500000| Complete 
|  44|0x00000000c6600000, 0x00000000c6700000, 0x00000000c6700000|100%| E|CS|TAMS 0x00000000c6600000| PB 0x00000000c6600000| Complete 
|  45|0x00000000c6700000, 0x00000000c6800000, 0x00000000c6800000|100%| E|CS|TAMS 0x00000000c6700000| PB 0x00000000c6700000| Complete 
|  56|0x00000000c7200000, 0x00000000c7300000, 0x00000000c7300000|100%| E|CS|TAMS 0x00000000c7200000| PB 0x00000000c7200000| Complete 
|  57|0x00000000c7300000, 0x00000000c7400000, 0x00000000c7400000|100%| E|CS|TAMS 0x00000000c7300000| PB 0x00000000c7300000| Complete 
|  58|0x00000000c7400000, 0x00000000c7500000, 0x00000000c7500000|100%| E|CS|TAMS 0x00000000c7400000| PB 0x00000000c7400000| Complete 
|  61|0x00000000c7700000, 0x00000000c7800000, 0x00000000c7800000|100%| E|CS|TAMS 0x00000000c7700000| PB 0x00000000c7700000| Complete 

Card table byte_map: [0x000002b9f4f70000,0x000002b9f5160000] _byte_map_base: 0x000002b9f4953000

Marking Bits: (CMBitMap*) 0x000002b9ec92c6a0
 Bits: [0x000002b9f5160000, 0x000002b9f6078000)

Polling page: 0x000002b9ea8b0000

Metaspace:

Usage:
  Non-class:     44.87 MB used.
      Class:      6.92 MB used.
       Both:     51.79 MB used.

Virtual space:
  Non-class space:       64.00 MB reserved,      45.19 MB ( 71%) committed,  1 nodes.
      Class space:        1.00 GB reserved,       7.19 MB ( <1%) committed,  1 nodes.
             Both:        1.06 GB reserved,      52.38 MB (  5%) committed. 

Chunk freelists:
   Non-Class:  2.00 MB
       Class:  8.62 MB
        Both:  10.62 MB

MaxMetaspaceSize: unlimited
CompressedClassSpaceSize: 1.00 GB
Initial GC threshold: 21.00 MB
Current GC threshold: 58.69 MB
CDS: on
 - commit_granule_bytes: 65536.
 - commit_granule_words: 8192.
 - virtual_space_node_default_size: 8388608.
 - enlarge_chunks_in_place: 1.
 - use_allocation_guard: 0.


Internal statistics:

num_allocs_failed_limit: 6.
num_arena_births: 794.
num_arena_deaths: 0.
num_vsnodes_births: 2.
num_vsnodes_deaths: 0.
num_space_committed: 838.
num_space_uncommitted: 0.
num_chunks_returned_to_freelist: 6.
num_chunks_taken_from_freelist: 2801.
num_chunk_merges: 6.
num_chunk_splits: 1958.
num_chunks_enlarged: 1509.
num_inconsistent_stats: 0.

CodeHeap 'non-profiled nmethods': size=120000Kb used=2861Kb max_used=2861Kb free=117138Kb
 bounds [0x000002b987ad0000, 0x000002b987da0000, 0x000002b98f000000]
CodeHeap 'profiled nmethods': size=120000Kb used=9064Kb max_used=9064Kb free=110935Kb
 bounds [0x000002b980000000, 0x000002b9808e0000, 0x000002b987530000]
CodeHeap 'non-nmethods': size=5760Kb used=1716Kb max_used=1778Kb free=4043Kb
 bounds [0x000002b987530000, 0x000002b9877a0000, 0x000002b987ad0000]
 total_blobs=5041 nmethods=4434 adapters=509
 compilation: enabled
              stopped_count=0, restarted_count=0
 full_count=0

Compilation events (20 events):
Event: 16.080 Thread 0x000002b9f84f92e0 nmethod 4428 0x000002b987d8b190 code [0x000002b987d8b360, 0x000002b987d8b6b0]
Event: 16.080 Thread 0x000002b9f84f92e0 4647       4       org.springframework.util.ClassUtils::getUserClass (32 bytes)
Event: 16.082 Thread 0x000002b9f84f92e0 nmethod 4647 0x000002b987d8ba10 code [0x000002b987d8bbc0, 0x000002b987d8be20]
Event: 16.082 Thread 0x000002b9f84f92e0 4443       4       org.springframework.core.annotation.MergedAnnotations::from (41 bytes)
Event: 16.106 Thread 0x000002b9f84f92e0 nmethod 4443 0x000002b987d8c310 code [0x000002b987d8c5a0, 0x000002b987d8d3d8]
Event: 16.107 Thread 0x000002b9f84f92e0 4458       4       org.springframework.core.annotation.TypeMappedAnnotations::from (27 bytes)
Event: 16.124 Thread 0x000002b9f84f92e0 nmethod 4458 0x000002b987d8df10 code [0x000002b987d8e1a0, 0x000002b987d8ee68]
Event: 16.125 Thread 0x000002b9f84f92e0 4468       4       org.springframework.core.annotation.AnnotationsScanner::isKnownEmpty (62 bytes)
Event: 16.141 Thread 0x000002b9f84f92e0 nmethod 4468 0x000002b987d8f890 code [0x000002b987d8fb00, 0x000002b987d905c8]
Event: 16.141 Thread 0x000002b9f84f92e0 4469       4       org.springframework.core.annotation.MergedAnnotations::from (11 bytes)
Event: 16.142 Thread 0x000002b9f84f92e0 nmethod 4469 0x000002b987d90e10 code [0x000002b987d90fa0, 0x000002b987d91040]
Event: 16.142 Thread 0x000002b9f84f92e0 4558       4       org.springframework.core.BridgeMethodResolver::resolveBridgeMethod (180 bytes)
Event: 16.283 Thread 0x000002b9f84f92e0 nmethod 4558 0x000002b987d91110 code [0x000002b987d918e0, 0x000002b987d95958]
Event: 16.284 Thread 0x000002b9f84f92e0 4577       4       org.springframework.core.annotation.TypeMappedAnnotations::<init> (42 bytes)
Event: 16.290 Thread 0x000002b9f84f92e0 nmethod 4577 0x000002b987d99f10 code [0x000002b987d9a0c0, 0x000002b987d9a750]
Event: 16.290 Thread 0x000002b9f84f92e0 4538       4       sun.reflect.annotation.AnnotationParser::toArray (18 bytes)
Event: 16.295 Thread 0x000002b9f84f92e0 nmethod 4538 0x000002b987d9a810 code [0x000002b987d9aa00, 0x000002b987d9b078]
Event: 16.295 Thread 0x000002b9f84f92e0 4576       4       org.springframework.core.annotation.TypeMappedAnnotations$MergedAnnotationFinder::finish (9 bytes)
Event: 16.296 Thread 0x000002b9f84f92e0 nmethod 4576 0x000002b987d9b390 code [0x000002b987d9b520, 0x000002b987d9b5e0]
Event: 16.296 Thread 0x000002b9f84f92e0 4657       4       org.springframework.core.annotation.AnnotationsScanner::scan (21 bytes)

GC Heap History (20 events):
Event: 3.879 GC heap before
{Heap before GC invocations=2 (full 0):
 garbage-first heap   total 63488K, used 33713K [0x00000000c3a00000, 0x0000000100000000)
  region size 1024K, 26 young (26624K), 1 survivors (1024K)
 Metaspace       used 12440K, committed 12736K, reserved 1114112K
  class space    used 1556K, committed 1664K, reserved 1048576K
}
Event: 3.885 GC heap after
{Heap after GC invocations=3 (full 0):
 garbage-first heap   total 63488K, used 11140K [0x00000000c3a00000, 0x0000000100000000)
  region size 1024K, 3 young (3072K), 3 survivors (3072K)
 Metaspace       used 12440K, committed 12736K, reserved 1114112K
  class space    used 1556K, committed 1664K, reserved 1048576K
}
Event: 5.631 GC heap before
{Heap before GC invocations=3 (full 0):
 garbage-first heap   total 63488K, used 42884K [0x00000000c3a00000, 0x0000000100000000)
  region size 1024K, 35 young (35840K), 3 survivors (3072K)
 Metaspace       used 20828K, committed 21248K, reserved 1114112K
  class space    used 2640K, committed 2816K, reserved 1048576K
}
Event: 5.640 GC heap after
{Heap after GC invocations=4 (full 0):
 garbage-first heap   total 63488K, used 13096K [0x00000000c3a00000, 0x0000000100000000)
  region size 1024K, 4 young (4096K), 4 survivors (4096K)
 Metaspace       used 20828K, committed 21248K, reserved 1114112K
  class space    used 2640K, committed 2816K, reserved 1048576K
}
Event: 5.851 GC heap before
{Heap before GC invocations=4 (full 0):
 garbage-first heap   total 63488K, used 15144K [0x00000000c3a00000, 0x0000000100000000)
  region size 1024K, 7 young (7168K), 4 survivors (4096K)
 Metaspace       used 21128K, committed 21504K, reserved 1114112K
  class space    used 2684K, committed 2880K, reserved 1048576K
}
Event: 5.856 GC heap after
{Heap after GC invocations=5 (full 0):
 garbage-first heap   total 63488K, used 13545K [0x00000000c3a00000, 0x0000000100000000)
  region size 1024K, 3 young (3072K), 3 survivors (3072K)
 Metaspace       used 21128K, committed 21504K, reserved 1114112K
  class space    used 2684K, committed 2880K, reserved 1048576K
}
Event: 8.166 GC heap before
{Heap before GC invocations=6 (full 0):
 garbage-first heap   total 51200K, used 41193K [0x00000000c3a00000, 0x0000000100000000)
  region size 1024K, 30 young (30720K), 3 survivors (3072K)
 Metaspace       used 24885K, committed 25280K, reserved 1114112K
  class space    used 3155K, committed 3328K, reserved 1048576K
}
Event: 8.175 GC heap after
{Heap after GC invocations=7 (full 0):
 garbage-first heap   total 51200K, used 15919K [0x00000000c3a00000, 0x0000000100000000)
  region size 1024K, 4 young (4096K), 4 survivors (4096K)
 Metaspace       used 24885K, committed 25280K, reserved 1114112K
  class space    used 3155K, committed 3328K, reserved 1048576K
}
Event: 9.641 GC heap before
{Heap before GC invocations=7 (full 0):
 garbage-first heap   total 51200K, used 40495K [0x00000000c3a00000, 0x0000000100000000)
  region size 1024K, 28 young (28672K), 4 survivors (4096K)
 Metaspace       used 28561K, committed 29056K, reserved 1114112K
  class space    used 3691K, committed 3904K, reserved 1048576K
}
Event: 9.658 GC heap after
{Heap after GC invocations=8 (full 0):
 garbage-first heap   total 51200K, used 18794K [0x00000000c3a00000, 0x0000000100000000)
  region size 1024K, 3 young (3072K), 3 survivors (3072K)
 Metaspace       used 28561K, committed 29056K, reserved 1114112K
  class space    used 3691K, committed 3904K, reserved 1048576K
}
Event: 10.814 GC heap before
{Heap before GC invocations=8 (full 0):
 garbage-first heap   total 51200K, used 40298K [0x00000000c3a00000, 0x0000000100000000)
  region size 1024K, 25 young (25600K), 3 survivors (3072K)
 Metaspace       used 34413K, committed 34880K, reserved 1114112K
  class space    used 4535K, committed 4736K, reserved 1048576K
}
Event: 10.822 GC heap after
{Heap after GC invocations=9 (full 0):
 garbage-first heap   total 51200K, used 20477K [0x00000000c3a00000, 0x0000000100000000)
  region size 1024K, 2 young (2048K), 2 survivors (2048K)
 Metaspace       used 34413K, committed 34880K, reserved 1114112K
  class space    used 4535K, committed 4736K, reserved 1048576K
}
Event: 11.267 GC heap before
{Heap before GC invocations=9 (full 0):
 garbage-first heap   total 51200K, used 24573K [0x00000000c3a00000, 0x0000000100000000)
  region size 1024K, 7 young (7168K), 2 survivors (2048K)
 Metaspace       used 35464K, committed 35968K, reserved 1114112K
  class space    used 4739K, committed 4992K, reserved 1048576K
}
Event: 11.271 GC heap after
{Heap after GC invocations=10 (full 0):
 garbage-first heap   total 51200K, used 20370K [0x00000000c3a00000, 0x0000000100000000)
  region size 1024K, 2 young (2048K), 2 survivors (2048K)
 Metaspace       used 35464K, committed 35968K, reserved 1114112K
  class space    used 4739K, committed 4992K, reserved 1048576K
}
Event: 13.336 GC heap before
{Heap before GC invocations=11 (full 0):
 garbage-first heap   total 51200K, used 41874K [0x00000000c3a00000, 0x0000000100000000)
  region size 1024K, 24 young (24576K), 2 survivors (2048K)
 Metaspace       used 42418K, committed 42944K, reserved 1114112K
  class space    used 5604K, committed 5824K, reserved 1048576K
}
Event: 13.349 GC heap after
{Heap after GC invocations=12 (full 0):
 garbage-first heap   total 51200K, used 22024K [0x00000000c3a00000, 0x0000000100000000)
  region size 1024K, 3 young (3072K), 3 survivors (3072K)
 Metaspace       used 42418K, committed 42944K, reserved 1114112K
  class space    used 5604K, committed 5824K, reserved 1048576K
}
Event: 14.633 GC heap before
{Heap before GC invocations=12 (full 0):
 garbage-first heap   total 51200K, used 43528K [0x00000000c3a00000, 0x0000000100000000)
  region size 1024K, 25 young (25600K), 3 survivors (3072K)
 Metaspace       used 48396K, committed 48896K, reserved 1114112K
  class space    used 6474K, committed 6720K, reserved 1048576K
}
Event: 14.645 GC heap after
{Heap after GC invocations=13 (full 0):
 garbage-first heap   total 51200K, used 23648K [0x00000000c3a00000, 0x0000000100000000)
  region size 1024K, 4 young (4096K), 4 survivors (4096K)
 Metaspace       used 48396K, committed 48896K, reserved 1114112K
  class space    used 6474K, committed 6720K, reserved 1048576K
}
Event: 15.671 GC heap before
{Heap before GC invocations=13 (full 0):
 garbage-first heap   total 51200K, used 43104K [0x00000000c3a00000, 0x0000000100000000)
  region size 1024K, 23 young (23552K), 4 survivors (4096K)
 Metaspace       used 51569K, committed 52096K, reserved 1114112K
  class space    used 6879K, committed 7104K, reserved 1048576K
}
Event: 15.683 GC heap after
{Heap after GC invocations=14 (full 0):
 garbage-first heap   total 51200K, used 25765K [0x00000000c3a00000, 0x0000000100000000)
  region size 1024K, 3 young (3072K), 3 survivors (3072K)
 Metaspace       used 51569K, committed 52096K, reserved 1114112K
  class space    used 6879K, committed 7104K, reserved 1048576K
}

Dll operation events (10 events):
Event: 0.015 Loaded shared library C:\Program Files\Java\jdk-21\bin\java.dll
Event: 0.066 Loaded shared library C:\Program Files\Java\jdk-21\bin\jsvml.dll
Event: 0.132 Loaded shared library C:\Program Files\Java\jdk-21\bin\net.dll
Event: 0.137 Loaded shared library C:\Program Files\Java\jdk-21\bin\nio.dll
Event: 0.144 Loaded shared library C:\Program Files\Java\jdk-21\bin\zip.dll
Event: 0.358 Loaded shared library C:\Program Files\Java\jdk-21\bin\management.dll
Event: 0.381 Loaded shared library C:\Program Files\Java\jdk-21\bin\management_ext.dll
Event: 0.467 Loaded shared library C:\Program Files\Java\jdk-21\bin\jimage.dll
Event: 6.862 Loaded shared library C:\Program Files\Java\jdk-21\bin\sunmscapi.dll
Event: 10.726 Loaded shared library C:\Program Files\Java\jdk-21\bin\verify.dll

Deoptimization events (20 events):
Event: 15.936 Thread 0x000002b9ec8ff690 Uncommon trap: trap_request=0xffffffde fr.pc=0x000002b987d71638 relative=0x00000000000014b8
Event: 15.936 Thread 0x000002b9ec8ff690 Uncommon trap: reason=class_check action=maybe_recompile pc=0x000002b987d71638 method=org.springframework.core.annotation.AnnotationsScanner.processClassHierarchy(Ljava/lang/Object;[ILjava/lang/Class;Lorg/springframework/core/annotation/AnnotationsProcess
Event: 15.936 Thread 0x000002b9ec8ff690 DEOPT PACKING pc=0x000002b987d71638 sp=0x000000c3de9fd070
Event: 15.936 Thread 0x000002b9ec8ff690 DEOPT UNPACKING pc=0x000002b987587da2 sp=0x000000c3de9fd060 mode 2
Event: 15.937 Thread 0x000002b9ec8ff690 Uncommon trap: trap_request=0xffffffde fr.pc=0x000002b987cd00ec relative=0x00000000000003ec
Event: 15.938 Thread 0x000002b9ec8ff690 Uncommon trap: reason=class_check action=maybe_recompile pc=0x000002b987cd00ec method=org.springframework.core.annotation.AnnotationsScanner.isWithoutHierarchy(Ljava/lang/reflect/AnnotatedElement;Ljava/util/function/Predicate;)Z @ 45 c2
Event: 15.938 Thread 0x000002b9ec8ff690 DEOPT PACKING pc=0x000002b987cd00ec sp=0x000000c3de9fd0a0
Event: 15.938 Thread 0x000002b9ec8ff690 DEOPT UNPACKING pc=0x000002b987587da2 sp=0x000000c3de9fd058 mode 2
Event: 15.938 Thread 0x000002b9ec8ff690 Uncommon trap: trap_request=0xffffffde fr.pc=0x000002b987d71638 relative=0x00000000000014b8
Event: 15.938 Thread 0x000002b9ec8ff690 Uncommon trap: reason=class_check action=maybe_recompile pc=0x000002b987d71638 method=org.springframework.core.annotation.AnnotationsScanner.processClassHierarchy(Ljava/lang/Object;[ILjava/lang/Class;Lorg/springframework/core/annotation/AnnotationsProcess
Event: 15.938 Thread 0x000002b9ec8ff690 DEOPT PACKING pc=0x000002b987d71638 sp=0x000000c3de9fcfd0
Event: 15.938 Thread 0x000002b9ec8ff690 DEOPT UNPACKING pc=0x000002b987587da2 sp=0x000000c3de9fcfc0 mode 2
Event: 15.999 Thread 0x000002b9ec8ff690 Uncommon trap: trap_request=0xffffffde fr.pc=0x000002b987d5900c relative=0x000000000000186c
Event: 15.999 Thread 0x000002b9ec8ff690 Uncommon trap: reason=class_check action=maybe_recompile pc=0x000002b987d5900c method=java.util.zip.InflaterInputStream.read([BII)I @ 78 c2
Event: 15.999 Thread 0x000002b9ec8ff690 DEOPT PACKING pc=0x000002b987d5900c sp=0x000000c3de9fa090
Event: 15.999 Thread 0x000002b9ec8ff690 DEOPT UNPACKING pc=0x000002b987587da2 sp=0x000000c3de9fa0f0 mode 2
Event: 15.999 Thread 0x000002b9ec8ff690 Uncommon trap: trap_request=0xffffffde fr.pc=0x000002b987d5900c relative=0x000000000000186c
Event: 15.999 Thread 0x000002b9ec8ff690 Uncommon trap: reason=class_check action=maybe_recompile pc=0x000002b987d5900c method=java.util.zip.InflaterInputStream.read([BII)I @ 78 c2
Event: 15.999 Thread 0x000002b9ec8ff690 DEOPT PACKING pc=0x000002b987d5900c sp=0x000000c3de9fa090
Event: 15.999 Thread 0x000002b9ec8ff690 DEOPT UNPACKING pc=0x000002b987587da2 sp=0x000000c3de9fa0f0 mode 2

Classes loaded (20 events):
Event: 16.004 Loading class java/lang/ProcessImpl
Event: 16.005 Loading class java/lang/ProcessImpl done
Event: 16.096 Loading class java/lang/ProcessImpl$2
Event: 16.096 Loading class java/lang/ProcessImpl$2 done
Event: 16.096 Loading class java/lang/Process$PipeInputStream
Event: 16.096 Loading class java/lang/Process$PipeInputStream done
Event: 16.096 Loading class jdk/internal/event/ProcessStartEvent
Event: 16.096 Loading class jdk/internal/event/ProcessStartEvent done
Event: 16.096 Loading class jdk/internal/logger/LazyLoggers
Event: 16.097 Loading class jdk/internal/logger/LazyLoggers done
Event: 16.097 Loading class jdk/internal/logger/LazyLoggers$1
Event: 16.097 Loading class jdk/internal/logger/LazyLoggers$1 done
Event: 16.097 Loading class jdk/internal/logger/LazyLoggers$LazyLoggerFactories
Event: 16.097 Loading class jdk/internal/logger/LazyLoggers$LazyLoggerFactories done
Event: 16.098 Loading class jdk/internal/logger/LoggerFinderLoader
Event: 16.103 Loading class jdk/internal/logger/LoggerFinderLoader done
Event: 16.104 Loading class jdk/internal/logger/LoggerFinderLoader$TemporaryLoggerFinder
Event: 16.105 Loading class jdk/internal/logger/LoggerFinderLoader$TemporaryLoggerFinder done
Event: 16.109 Loading class sun/util/logging/internal/LoggingProviderImpl$JULWrapper
Event: 16.111 Loading class sun/util/logging/internal/LoggingProviderImpl$JULWrapper done

Classes unloaded (0 events):
No events

Classes redefined (0 events):
No events

Internal exceptions (20 events):
Event: 14.452 Thread 0x000002b9ec8ff690 Exception <a 'java/lang/NoSuchMethodError'{0x00000000c58d5730}: 'int java.lang.invoke.DirectMethodHandle$Holder.invokeSpecialIFC(java.lang.Object, java.lang.Object, java.lang.Object)'> (0x00000000c58d5730) 
thrown [s\open\src\hotspot\share\interpreter\linkResolver.cpp, line 773]
Event: 14.454 Thread 0x000002b9ec8ff690 Exception <a 'java/lang/NoSuchMethodError'{0x00000000c58eab90}: 'void java.lang.invoke.DirectMethodHandle$Holder.invokeStatic(java.lang.Object, int, java.lang.Object)'> (0x00000000c58eab90) 
thrown [s\open\src\hotspot\share\interpreter\linkResolver.cpp, line 773]
Event: 14.762 Thread 0x000002b9ec8ff690 Exception <a 'java/lang/NoSuchMethodError'{0x00000000c77fbc08}: 'java.lang.Object java.lang.invoke.DirectMethodHandle$Holder.newInvokeSpecial(java.lang.Object, java.lang.Object, java.lang.Object, java.lang.Object, java.lang.Object, java.lang.Object, java.lang.Object, java.lang.Object)'> (0x00000000c77fbc08) 
thrown [s\open\src\hotspot\share\interpreter\linkResolver.cpp, line 773]
Event: 15.114 Thread 0x000002b9ec8ff690 Exception <a 'java/lang/NoSuchMethodError'{0x00000000c641e1b8}: 'java.lang.Object java.lang.invoke.DirectMethodHandle$Holder.invokeSpecial(java.lang.Object, java.lang.Object, int, java.lang.Object, java.lang.Object)'> (0x00000000c641e1b8) 
thrown [s\open\src\hotspot\share\interpreter\linkResolver.cpp, line 773]
Event: 15.115 Thread 0x000002b9ec8ff690 Exception <a 'java/lang/NoSuchMethodError'{0x00000000c64226b8}: 'java.lang.Object java.lang.invoke.DelegatingMethodHandle$Holder.delegate(java.lang.Object, int, java.lang.Object, java.lang.Object)'> (0x00000000c64226b8) 
thrown [s\open\src\hotspot\share\interpreter\linkResolver.cpp, line 773]
Event: 15.117 Thread 0x000002b9ec8ff690 Implicit null exception at 0x000002b987b9c4f6 to 0x000002b987b9c818
Event: 15.119 Thread 0x000002b9ec8ff690 Exception <a 'java/lang/NoSuchMethodError'{0x00000000c6432820}: 'int java.lang.invoke.Invokers$Holder.linkToTargetMethod(java.lang.Object, java.lang.Object, java.lang.Object)'> (0x00000000c6432820) 
thrown [s\open\src\hotspot\share\interpreter\linkResolver.cpp, line 773]
Event: 15.198 Thread 0x000002b9ec8ff690 Exception <a 'java/lang/NoSuchMethodError'{0x00000000c6376608}: 'void java.lang.invoke.Invokers$Holder.invokeExact_MT(java.lang.Object, java.lang.Object, java.lang.Object, java.lang.Object)'> (0x00000000c6376608) 
thrown [s\open\src\hotspot\share\interpreter\linkResolver.cpp, line 773]
Event: 15.336 Thread 0x000002b9ec8ff690 Exception <a 'java/lang/IncompatibleClassChangeError'{0x00000000c60eb7a8}: Found class java.lang.Object, but interface was expected> (0x00000000c60eb7a8) 
thrown [s\open\src\hotspot\share\interpreter\linkResolver.cpp, line 840]
Event: 15.458 Thread 0x000002b9ec8ff690 Exception <a 'java/lang/NoSuchMethodError'{0x00000000c5c89a30}: 'int java.lang.invoke.DirectMethodHandle$Holder.invokeStaticInit(java.lang.Object, java.lang.Object, java.lang.Object, java.lang.Object)'> (0x00000000c5c89a30) 
thrown [s\open\src\hotspot\share\interpreter\linkResolver.cpp, line 773]
Event: 15.609 Thread 0x000002b9ec8ff690 Exception <a 'java/lang/IncompatibleClassChangeError'{0x00000000c5a81f68}: Found class java.lang.Object, but interface was expected> (0x00000000c5a81f68) 
thrown [s\open\src\hotspot\share\interpreter\linkResolver.cpp, line 840]
Event: 15.716 Thread 0x000002b9ec8ff690 Implicit null exception at 0x000002b987c6f1c2 to 0x000002b987c6f238
Event: 15.763 Thread 0x000002b9ec8ff690 Exception <a 'java/lang/NoSuchMethodError'{0x00000000c739d098}: 'java.lang.Object java.lang.invoke.Invokers$Holder.invoke_MT(java.lang.Object, java.lang.Object, java.lang.Object, java.lang.Object, java.lang.Object, java.lang.Object, java.lang.Object, java.lang.Object, java.lang.Object, java.lang.Object, java.lang.Object)'> (0x00000000c739d098) 
thrown [s\open\src\hotspot\share\interpreter\linkResolver.cpp, line 773]
Event: 15.873 Thread 0x000002b9ec8ff690 Exception <a 'java/lang/NoSuchMethodError'{0x00000000c661e510}: 'java.lang.Object java.lang.invoke.DirectMethodHandle$Holder.newInvokeSpecial(java.lang.Object, java.lang.Object, int, java.lang.Object, java.lang.Object)'> (0x00000000c661e510) 
thrown [s\open\src\hotspot\share\interpreter\linkResolver.cpp, line 773]
Event: 15.875 Thread 0x000002b9ec8ff690 Exception <a 'java/lang/NoSuchMethodError'{0x00000000c662c9d8}: 'java.lang.Object java.lang.invoke.DirectMethodHandle$Holder.newInvokeSpecial(java.lang.Object, java.lang.Object, java.lang.Object, int)'> (0x00000000c662c9d8) 
thrown [s\open\src\hotspot\share\interpreter\linkResolver.cpp, line 773]
Event: 15.875 Thread 0x000002b9ec8ff690 Exception <a 'java/lang/NoSuchMethodError'{0x00000000c6630d38}: 'java.lang.Object java.lang.invoke.DirectMethodHandle$Holder.invokeSpecial(java.lang.Object, java.lang.Object, java.lang.Object, java.lang.Object, int)'> (0x00000000c6630d38) 
thrown [s\open\src\hotspot\share\interpreter\linkResolver.cpp, line 773]
Event: 15.875 Thread 0x000002b9ec8ff690 Exception <a 'java/lang/NoSuchMethodError'{0x00000000c6634730}: 'java.lang.Object java.lang.invoke.Invokers$Holder.linkToTargetMethod(java.lang.Object, java.lang.Object, int, java.lang.Object)'> (0x00000000c6634730) 
thrown [s\open\src\hotspot\share\interpreter\linkResolver.cpp, line 773]
Event: 15.977 Thread 0x000002b9ec8ff690 Exception <a 'java/lang/NoSuchMethodError'{0x00000000c6453f38}: method resolution failed> (0x00000000c6453f38) 
thrown [s\open\src\hotspot\share\prims\methodHandles.cpp, line 1144]
Event: 15.987 Thread 0x000002b9ec8ff690 Exception <a 'java/lang/NoSuchMethodError'{0x00000000c6486d88}: 'long java.lang.invoke.DelegatingMethodHandle$Holder.reinvoke_L(java.lang.Object, java.lang.Object)'> (0x00000000c6486d88) 
thrown [s\open\src\hotspot\share\interpreter\linkResolver.cpp, line 773]
Event: 16.095 Thread 0x000002b9ec8ff690 Exception <a 'java/lang/NoSuchMethodError'{0x00000000c64affe8}: 'void java.lang.invoke.DirectMethodHandle$Holder.invokeStatic(java.lang.Object, long)'> (0x00000000c64affe8) 
thrown [s\open\src\hotspot\share\interpreter\linkResolver.cpp, line 773]

ZGC Phase Switch (0 events):
No events

VM Operations (20 events):
Event: 13.335 Executing VM operation: G1CollectForAllocation (G1 Evacuation Pause)
Event: 13.350 Executing VM operation: G1CollectForAllocation (G1 Evacuation Pause) done
Event: 14.362 Executing VM operation: Cleanup
Event: 14.362 Executing VM operation: Cleanup done
Event: 14.557 Executing VM operation: HandshakeAllThreads (Deoptimize)
Event: 14.557 Executing VM operation: HandshakeAllThreads (Deoptimize) done
Event: 14.633 Executing VM operation: G1CollectForAllocation (G1 Evacuation Pause)
Event: 14.645 Executing VM operation: G1CollectForAllocation (G1 Evacuation Pause) done
Event: 14.980 Executing VM operation: HandshakeAllThreads (Deoptimize)
Event: 14.980 Executing VM operation: HandshakeAllThreads (Deoptimize) done
Event: 15.060 Executing VM operation: HandshakeAllThreads (Deoptimize)
Event: 15.061 Executing VM operation: HandshakeAllThreads (Deoptimize) done
Event: 15.351 Executing VM operation: HandshakeAllThreads (Deoptimize)
Event: 15.351 Executing VM operation: HandshakeAllThreads (Deoptimize) done
Event: 15.418 Executing VM operation: HandshakeAllThreads (Deoptimize)
Event: 15.418 Executing VM operation: HandshakeAllThreads (Deoptimize) done
Event: 15.670 Executing VM operation: G1CollectForAllocation (G1 Evacuation Pause)
Event: 15.683 Executing VM operation: G1CollectForAllocation (G1 Evacuation Pause) done
Event: 15.998 Executing VM operation: HandshakeAllThreads (Deoptimize)
Event: 15.998 Executing VM operation: HandshakeAllThreads (Deoptimize) done

Events (20 events):
Event: 11.318 Thread 0x000002b9ec9b7a60 flushing nmethod 0x000002b9801d6f90
Event: 11.318 Thread 0x000002b9ec9b7a60 flushing nmethod 0x000002b9801d7d10
Event: 11.318 Thread 0x000002b9ec9b7a60 flushing nmethod 0x000002b9801daf90
Event: 11.318 Thread 0x000002b9ec9b7a60 flushing nmethod 0x000002b9801dbb90
Event: 11.318 Thread 0x000002b9ec9b7a60 flushing nmethod 0x000002b9801e8410
Event: 11.318 Thread 0x000002b9ec9b7a60 flushing nmethod 0x000002b98026ba10
Event: 11.318 Thread 0x000002b9ec9b7a60 flushing nmethod 0x000002b9802e0610
Event: 11.318 Thread 0x000002b9ec9b7a60 flushing nmethod 0x000002b9802f4690
Event: 11.318 Thread 0x000002b9ec9b7a60 flushing nmethod 0x000002b9802f9510
Event: 11.318 Thread 0x000002b9ec9b7a60 flushing nmethod 0x000002b980306d10
Event: 11.318 Thread 0x000002b9ec9b7a60 flushing nmethod 0x000002b980307d10
Event: 11.318 Thread 0x000002b9ec9b7a60 flushing nmethod 0x000002b980308610
Event: 11.318 Thread 0x000002b9ec9b7a60 flushing nmethod 0x000002b980309290
Event: 11.318 Thread 0x000002b9ec9b7a60 flushing nmethod 0x000002b98033fc90
Event: 11.318 Thread 0x000002b9ec9b7a60 flushing nmethod 0x000002b98038d810
Event: 11.318 Thread 0x000002b9ec9b7a60 flushing nmethod 0x000002b9803b4c10
Event: 11.318 Thread 0x000002b9ec9b7a60 flushing nmethod 0x000002b9803f9610
Event: 11.318 Thread 0x000002b9ec9b7a60 flushing nmethod 0x000002b98040f090
Event: 12.838 Thread 0x000002b9fe4306e0 Thread added: 0x000002b9fe4306e0
Event: 12.948 Thread 0x000002b9d06f8dc0 Thread added: 0x000002b9d06f8dc0


Dynamic libraries:
0x00007ff75f500000 - 0x00007ff75f510000 	C:\Program Files\Java\jdk-21\bin\java.exe
0x00007ff86e520000 - 0x00007ff86e788000 	C:\WINDOWS\SYSTEM32\ntdll.dll
0x00007ff86ce30000 - 0x00007ff86cef9000 	C:\WINDOWS\System32\KERNEL32.DLL
0x00007ff86bbe0000 - 0x00007ff86bfd2000 	C:\WINDOWS\System32\KERNELBASE.dll
0x00007ff86b9e0000 - 0x00007ff86bb2b000 	C:\WINDOWS\System32\ucrtbase.dll
0x00007ff866010000 - 0x00007ff866029000 	C:\Program Files\Java\jdk-21\bin\jli.dll
0x00007ff865f30000 - 0x00007ff865f4b000 	C:\Program Files\Java\jdk-21\bin\VCRUNTIME140.dll
0x00007ff86c5a0000 - 0x00007ff86c654000 	C:\WINDOWS\System32\ADVAPI32.dll
0x00007ff86e1b0000 - 0x00007ff86e259000 	C:\WINDOWS\System32\msvcrt.dll
0x00007ff86c300000 - 0x00007ff86c3a6000 	C:\WINDOWS\System32\sechost.dll
0x00007ff86e090000 - 0x00007ff86e1a8000 	C:\WINDOWS\System32\RPCRT4.dll
0x00007ff86d620000 - 0x00007ff86d7e5000 	C:\WINDOWS\System32\USER32.dll
0x00007ff86c2c0000 - 0x00007ff86c2e7000 	C:\WINDOWS\System32\win32u.dll
0x00007ff86e4b0000 - 0x00007ff86e4db000 	C:\WINDOWS\System32\GDI32.dll
0x00007ff86b6b0000 - 0x00007ff86b7dd000 	C:\WINDOWS\System32\gdi32full.dll
0x00007ff86bb30000 - 0x00007ff86bbd3000 	C:\WINDOWS\System32\msvcp_win.dll
0x00007ff8531c0000 - 0x00007ff853453000 	C:\WINDOWS\WinSxS\amd64_microsoft.windows.common-controls_6595b64144ccf1df_6.0.26100.6725_none_3e085828e334708b\COMCTL32.dll
0x00007ff85e980000 - 0x00007ff85e98b000 	C:\WINDOWS\SYSTEM32\VERSION.dll
0x00007ff86c430000 - 0x00007ff86c45f000 	C:\WINDOWS\System32\IMM32.DLL
0x00007ff867d70000 - 0x00007ff867d7c000 	C:\Program Files\Java\jdk-21\bin\vcruntime140_1.dll
0x00007ff858060000 - 0x00007ff8580ee000 	C:\Program Files\Java\jdk-21\bin\msvcp140.dll
0x00007fffe9260000 - 0x00007fffe9f7a000 	C:\Program Files\Java\jdk-21\bin\server\jvm.dll
0x00007ff86c3b0000 - 0x00007ff86c424000 	C:\WINDOWS\System32\WS2_32.dll
0x00007ff86b530000 - 0x00007ff86b58e000 	C:\WINDOWS\SYSTEM32\POWRPROF.dll
0x00007ff868ee0000 - 0x00007ff868f15000 	C:\WINDOWS\SYSTEM32\WINMM.dll
0x00007ff86b510000 - 0x00007ff86b524000 	C:\WINDOWS\SYSTEM32\UMPDC.dll
0x00007ff86a460000 - 0x00007ff86a47b000 	C:\WINDOWS\SYSTEM32\kernel.appcore.dll
0x00007ff866000000 - 0x00007ff86600a000 	C:\Program Files\Java\jdk-21\bin\jimage.dll
0x00007ff868c70000 - 0x00007ff868eb2000 	C:\WINDOWS\SYSTEM32\DBGHELP.DLL
0x00007ff86d290000 - 0x00007ff86d60b000 	C:\WINDOWS\System32\combase.dll
0x00007ff86d0e0000 - 0x00007ff86d1b7000 	C:\WINDOWS\System32\OLEAUT32.dll
0x00007ff868c30000 - 0x00007ff868c6c000 	C:\WINDOWS\SYSTEM32\dbgcore.DLL
0x00007ff86c220000 - 0x00007ff86c2b8000 	C:\WINDOWS\System32\bcryptPrimitives.dll
0x00007ff862d60000 - 0x00007ff862d7f000 	C:\Program Files\Java\jdk-21\bin\java.dll
0x00007ff86c6e0000 - 0x00007ff86ce2c000 	C:\WINDOWS\System32\SHELL32.dll
0x00007ff86b7e0000 - 0x00007ff86b94b000 	C:\WINDOWS\System32\wintypes.dll
0x00007ff8692e0000 - 0x00007ff869b3d000 	C:\WINDOWS\SYSTEM32\windows.storage.dll
0x00007ff86dd80000 - 0x00007ff86de72000 	C:\WINDOWS\System32\SHCORE.dll
0x00007ff86de80000 - 0x00007ff86dee2000 	C:\WINDOWS\System32\shlwapi.dll
0x00007ff86b5d0000 - 0x00007ff86b5f9000 	C:\WINDOWS\SYSTEM32\profapi.dll
0x00007ff856720000 - 0x00007ff8567f7000 	C:\Program Files\Java\jdk-21\bin\jsvml.dll
0x00007ff865fc0000 - 0x00007ff865fd0000 	C:\Program Files\Java\jdk-21\bin\net.dll
0x00007ff85ea70000 - 0x00007ff85eb8f000 	C:\WINDOWS\SYSTEM32\WINHTTP.dll
0x00007ff86a9f0000 - 0x00007ff86aa5b000 	C:\WINDOWS\system32\mswsock.dll
0x00007ff862850000 - 0x00007ff862866000 	C:\Program Files\Java\jdk-21\bin\nio.dll
0x00007ff862700000 - 0x00007ff862718000 	C:\Program Files\Java\jdk-21\bin\zip.dll
0x00007ff85ea50000 - 0x00007ff85ea5a000 	C:\Program Files\Java\jdk-21\bin\management.dll
0x00007ff858000000 - 0x00007ff85800b000 	C:\Program Files\Java\jdk-21\bin\management_ext.dll
0x00007ff86c2f0000 - 0x00007ff86c2f8000 	C:\WINDOWS\System32\PSAPI.DLL
0x00007ff857a30000 - 0x00007ff857a3e000 	C:\Program Files\Java\jdk-21\bin\sunmscapi.dll
0x00007ff86bfe0000 - 0x00007ff86c157000 	C:\WINDOWS\System32\CRYPT32.dll
0x00007ff86aec0000 - 0x00007ff86aef0000 	C:\WINDOWS\SYSTEM32\ncrypt.dll
0x00007ff86ae70000 - 0x00007ff86aeaf000 	C:\WINDOWS\SYSTEM32\NTASN1.dll
0x00007ff86aca0000 - 0x00007ff86acbb000 	C:\WINDOWS\SYSTEM32\CRYPTSP.dll
0x00007ff86a3c0000 - 0x00007ff86a3fb000 	C:\WINDOWS\system32\rsaenh.dll
0x00007ff86aa90000 - 0x00007ff86aabb000 	C:\WINDOWS\SYSTEM32\USERENV.dll
0x00007ff86b5a0000 - 0x00007ff86b5c6000 	C:\WINDOWS\SYSTEM32\bcrypt.dll
0x00007ff86acc0000 - 0x00007ff86accc000 	C:\WINDOWS\SYSTEM32\CRYPTBASE.dll
0x00007ff869ea0000 - 0x00007ff869ed4000 	C:\WINDOWS\SYSTEM32\IPHLPAPI.DLL
0x00007ff86c530000 - 0x00007ff86c53a000 	C:\WINDOWS\System32\NSI.dll
0x00007ff85ea60000 - 0x00007ff85ea70000 	C:\Program Files\Java\jdk-21\bin\verify.dll

dbghelp: loaded successfully - version: 4.0.5 - missing functions: none
symbol engine: initialized successfully - sym options: 0x614 - pdb path: .;C:\Program Files\Java\jdk-21\bin;C:\WINDOWS\SYSTEM32;C:\WINDOWS\WinSxS\amd64_microsoft.windows.common-controls_6595b64144ccf1df_6.0.26100.6725_none_3e085828e334708b;C:\Program Files\Java\jdk-21\bin\server

VM Arguments:
java_command: C:\Users\Haritha Reddy\AppData\Local\Temp\surefire11447140644667180618\surefirebooter-20251010015845845_3.jar C:\Users\Haritha Reddy\AppData\Local\Temp\surefire11447140644667180618 2025-10-10T01-58-45_481-jvmRun1 surefire-20251010015845845_1tmp surefire_0-20251010015845845_2tmp
java_class_path (initial): C:\Users\Haritha Reddy\AppData\Local\Temp\surefire11447140644667180618\surefirebooter-20251010015845845_3.jar
Launcher Type: SUN_STANDARD

[Global flags]
     intx CICompilerCount                          = 3                                         {product} {ergonomic}
     uint ConcGCThreads                            = 1                                         {product} {ergonomic}
     uint G1ConcRefinementThreads                  = 4                                         {product} {ergonomic}
   size_t G1HeapRegionSize                         = 1048576                                   {product} {ergonomic}
    uintx GCDrainStackTargetSize                   = 64                                        {product} {ergonomic}
   size_t InitialHeapSize                          = 65011712                                  {product} {ergonomic}
   size_t MarkStackSize                            = 4194304                                   {product} {ergonomic}
   size_t MaxHeapSize                              = 1012924416                                {product} {ergonomic}
   size_t MaxNewSize                               = 607125504                                 {product} {ergonomic}
   size_t MinHeapDeltaBytes                        = 1048576                                   {product} {ergonomic}
   size_t MinHeapSize                              = 8388608                                   {product} {ergonomic}
    uintx NonNMethodCodeHeapSize                   = 5832780                                {pd product} {ergonomic}
    uintx NonProfiledCodeHeapSize                  = 122912730                              {pd product} {ergonomic}
    uintx ProfiledCodeHeapSize                     = 122912730                              {pd product} {ergonomic}
    uintx ReservedCodeCacheSize                    = 251658240                              {pd product} {ergonomic}
     bool SegmentedCodeCache                       = true                                      {product} {ergonomic}
   size_t SoftMaxHeapSize                          = 1012924416                             {manageable} {ergonomic}
     bool UseCompressedOops                        = true                           {product lp64_product} {ergonomic}
     bool UseG1GC                                  = true                                      {product} {ergonomic}
     bool UseLargePagesIndividualAllocation        = false                                  {pd product} {ergonomic}

Logging:
Log output configuration:
 #0: stdout all=warning uptime,level,tags foldmultilines=false
 #1: stderr all=off uptime,level,tags foldmultilines=false

Environment Variables:
JAVA_HOME=C:\Program Files\Java\jdk-21
PATH=C:\Program Files\Common Files\Oracle\Java\javapath;C:\Program Files\Python39\Scripts\;C:\Program Files\Python39\;C:\WINDOWS\system32;C:\WINDOWS;C:\WINDOWS\System32\Wbem;C:\WINDOWS\System32\WindowsPowerShell\v1.0\;C:\WINDOWS\System32\OpenSSH\;C:\Program Files\Java\jdk-21\bin;C:\Program Files\SourceGear\Common\DiffMerge\;C:\Program Files (x86)\Microsoft SQL Server\110\Tools\Binn\;C:\Program Files\Microsoft SQL Server\110\Tools\Binn\;C:\Program Files\Microsoft SQL Server\110\DTS\Binn\;C:\Program Files (x86)\Microsoft SQL Server\110\Tools\Binn\ManagementStudio\;C:\Program Files (x86)\Microsoft SQL Server\110\DTS\Binn\;C:\Program Files (x86)\Microsoft Visual Studio 11.0\Common7\IDE\PrivateAssemblies\;C:\Program Files\nodejs\;C:\Program Files\Git\cmd;C:\Program Files\apache-maven-3.9.9\bin;C:\Program Files\MongoDB\Server\8.0\bin;C:\Program Files\Docker\Docker\resources\bin;C:\Program Files\PostgreSQL\13\bin;C:\Users\Haritha Reddy\Downloads\sqldeveloper-21.2.1.204.1703-x64.zip\sqldeveloper\jdk\jre\bin;C:\Users\Haritha Reddy\AppData\Local\Programs\Microsoft VS Code\bin;C:\Users\Haritha Reddy\AppData\Roaming\npm;C:\Users\Haritha Reddy\AppData\Local\Microsoft\WindowsApps;C:\Program Files\mongosh\
USERNAME=Haritha Reddy
OS=Windows_NT
PROCESSOR_IDENTIFIER=Intel64 Family 6 Model 126 Stepping 5, GenuineIntel
TMP=C:\Users\Haritha Reddy\AppData\Local\Temp
TEMP=C:\Users\Haritha Reddy\AppData\Local\Temp




Periodic native trim disabled

---------------  S Y S T E M  ---------------

OS:
 Windows 11 , 64 bit Build 26100 (10.0.26100.6725)
OS uptime: 1 days 9:07 hours
Hyper-V role detected

CPU: total 4 (initial active 4) (2 cores per cpu, 2 threads per core) family 6 model 126 stepping 5 microcode 0xc2, cx8, cmov, fxsr, ht, mmx, 3dnowpref, sse, sse2, sse3, ssse3, sse4.1, sse4.2, popcnt, lzcnt, tsc, tscinvbit, avx, avx2, aes, erms, clmul, bmi1, bmi2, adx, avx512f, avx512dq, avx512cd, avx512bw, avx512vl, sha, fma, vzeroupper, avx512_vpopcntdq, avx512_vpclmulqdq, avx512_vaes, avx512_vnni, clflush, clflushopt, avx512_vbmi2, avx512_vbmi, hv, rdtscp, rdpid, fsrm, gfni, avx512_bitalg, f16c, avx512_ifma
Processor Information for all 4 processors :
  Max Mhz: 1190, Current Mhz: 1190, Mhz Limit: 1190

Memory: 4k page, system-wide physical 3863M (223M free)
TotalPageFile size 15639M (AvailPageFile size 54M)
current process WorkingSet (physical memory assigned to process): 197M, peak: 200M
current process commit charge ("private bytes"): 239M, peak: 242M

vm_info: Java HotSpot(TM) 64-Bit Server VM (21.0.6+8-LTS-188) for windows-amd64 JRE (21.0.6+8-LTS-188), built on 2024-12-03T10:50:54Z by "mach5one" with MS VC++ 17.6 (VS2022)

END.
